Starting AtHome scraper...
Rate limit: 1 request per second

[AtHomeScraper] Starting scrape job...
[AtHome] Starting scrape of 47 prefectures...
[AtHome] Scraping prefecture 01...
[AtHome] Found 20 properties (total: 20)
[AtHome] Scraping prefecture 02...
[AtHome] Found 20 properties (total: 20)
[AtHome] Scraping prefecture 03...
[AtHome] Found 20 properties (total: 20)
[AtHome] Scraping prefecture 04...
[AtHome] Found 20 properties (total: 20)
[AtHome] Scraping prefecture 05...
[AtHome] Found 20 properties (total: 20)
[AtHome] Scraping prefecture 06...
[AtHome] Found 20 properties (total: 20)
[AtHome] Scraping prefecture 07...
[AtHome] Found 20 properties (total: 20)
[AtHome] Scraping prefecture 08...
[AtHome] Found 20 properties (total: 20)
[AtHome] Scraping prefecture 09...
[AtHome] Found 20 properties (total: 20)
[AtHome] Scraping prefecture 10...
[AtHome] Found 20 properties (total: 20)
[AtHome] Scraping prefecture 11...
[AtHome] Found 20 properties (total: 20)
[AtHome] Scraping prefecture 12...
[AtHome] Found 20 properties (total: 20)
[AtHome] Scraping prefecture 13...
[AtHome] Found 15 properties (total: 20)
[AtHome] Scraping prefecture 14...
[AtHome] Found 20 properties (total: 20)
[AtHome] Scraping prefecture 15...
[AtHome] Found 20 properties (total: 20)
[AtHome] Scraping prefecture 16...
[AtHome] Found 20 properties (total: 20)
[AtHome] Scraping prefecture 17...
[AtHome] Found 10 properties (total: 20)
[AtHome] Scraping prefecture 18...
[AtHome] Found 20 properties (total: 20)
[AtHome] Scraping prefecture 19...
[AtHome] Found 20 properties (total: 20)
[AtHome] Scraping prefecture 20...
[AtHome] Found 20 properties (total: 20)
[AtHome] Scraping prefecture 21...
[AtHome] Found 20 properties (total: 20)
[AtHome] Scraping prefecture 22...
[AtHome] Found 20 properties (total: 20)
[AtHome] Scraping prefecture 23...
[AtHome] Found 20 properties (total: 20)
[AtHome] Scraping prefecture 24...
[AtHome] Found 20 properties (total: 20)
[AtHome] Scraping prefecture 25...
[AtHome] Found 20 properties (total: 20)
[AtHome] Scraping prefecture 26...
[AtHome] Found 20 properties (total: 20)
[AtHome] Scraping prefecture 27...
[AtHome] Found 16 properties (total: 20)
[AtHome] Scraping prefecture 28...
[AtHome] Found 20 properties (total: 20)
[AtHome] Scraping prefecture 29...
[AtHome] Found 20 properties (total: 20)
[AtHome] Scraping prefecture 30...
[AtHome] Found 20 properties (total: 20)
[AtHome] Scraping prefecture 31...
[AtHome] Found 20 properties (total: 20)
[AtHome] Scraping prefecture 32...
[AtHome] Found 20 properties (total: 20)
[AtHome] Scraping prefecture 33...
[AtHome] Found 20 properties (total: 20)
[AtHome] Scraping prefecture 34...
[AtHome] Found 20 properties (total: 20)
[AtHome] Scraping prefecture 35...
[AtHome] Found 20 properties (total: 20)
[AtHome] Scraping prefecture 36...
[AtHome] Found 20 properties (total: 20)
[AtHome] Scraping prefecture 37...
[AtHome] Found 20 properties (total: 20)
[AtHome] Scraping prefecture 38...
[AtHome] Found 20 properties (total: 20)
[AtHome] Scraping prefecture 39...
[AtHome] Found 20 properties (total: 20)
[AtHome] Scraping prefecture 40...
[AtHome] Found 20 properties (total: 20)
[AtHome] Scraping prefecture 41...
[AtHome] Found 20 properties (total: 20)
[AtHome] Scraping prefecture 42...
[AtHome] Found 20 properties (total: 20)
[AtHome] Scraping prefecture 43...
[AtHome] Found 20 properties (total: 20)
[AtHome] Scraping prefecture 44...
[AtHome] Found 20 properties (total: 20)
[AtHome] Scraping prefecture 45...
[AtHome] Found 20 properties (total: 20)
[AtHome] Scraping prefecture 46...
[AtHome] Found 20 properties (total: 20)
[AtHome] Scraping prefecture 47...
[AtHome] Found 0 properties (total: 20)
[AtHomeScraper] Job completed: {
  prefecturesScanned: 47,
  propertiesFound: 901,
  propertiesUpserted: 901,
  propertiesUpdated: 0,
  errors: []
}

==================================================
SCRAPING STATISTICS
==================================================
Prefectures scanned: 47
Properties found:    901
Properties inserted: 901
Properties updated:  0
==================================================

✓ Scrape completed successfully!
